# JRE version: Java(TM) SE Runtime Environment (8.0_211-b12) (build 1.8.0_211-b12)
# Java VM: Java HotSpot(TM) 64-Bit Server VM (25.211-b12 mixed mode windows-amd64 compressed oops)
Heap:
 PSYoungGen      total 522752K, used 409728K [0x0000000780800000, 0x00000007aaf00000, 0x00000007c0000000)
  eden space 473088K, 76% used [0x0000000780800000,0x0000000796a377b0,0x000000079d600000)
  from space 49664K, 94% used [0x000000079d600000,0x00000007a03e8c10,0x00000007a0680000)
  to   space 55808K, 0% used [0x00000007a7880000,0x00000007a7880000,0x00000007aaf00000)
 ParOldGen       total 306176K, used 195668K [0x0000000701800000, 0x0000000714300000, 0x0000000780800000)
  object space 306176K, 63% used [0x0000000701800000,0x000000070d7153c8,0x0000000714300000)
 Metaspace       used 47627K, capacity 48428K, committed 48856K, reserved 1091584K
  class space    used 6205K, capacity 6390K, committed 6400K, reserved 1048576K
GC Heap History (10 events):
Event: 28.178 GC heap before
{Heap before GC invocations=16 (full 2):
 PSYoungGen      total 312832K, used 311771K [0x0000000780800000, 0x000000079a780000, 0x00000007c0000000)
  eden space 282624K, 100% used [0x0000000780800000,0x0000000791c00000,0x0000000791c00000)
  from space 30208K, 96% used [0x0000000791c00000,0x0000000793876e38,0x0000000793980000)
  to   space 33792K, 0% used [0x0000000798680000,0x0000000798680000,0x000000079a780000)
 ParOldGen       total 151040K, used 112341K [0x0000000701800000, 0x000000070ab80000, 0x0000000780800000)
  object space 151040K, 74% used [0x0000000701800000,0x00000007085b5770,0x000000070ab80000)
 Metaspace       used 47623K, capacity 48428K, committed 48856K, reserved 1091584K
  class space    used 6203K, capacity 6390K, committed 6400K, reserved 1048576K
Event: 28.214 GC heap after
Heap after GC invocations=16 (full 2):
 PSYoungGen      total 387584K, used 32054K [0x0000000780800000, 0x000000079c600000, 0x00000007c0000000)
  eden space 353792K, 0% used [0x0000000780800000,0x0000000780800000,0x0000000796180000)
  from space 33792K, 94% used [0x0000000798680000,0x000000079a5cda10,0x000000079a780000)
  to   space 37888K, 0% used [0x0000000796180000,0x0000000796180000,0x0000000798680000)
 ParOldGen       total 175616K, used 171067K [0x0000000701800000, 0x000000070c380000, 0x0000000780800000)
  object space 175616K, 97% used [0x0000000701800000,0x000000070bf0ec00,0x000000070c380000)
 Metaspace       used 47623K, capacity 48428K, committed 48856K, reserved 1091584K
  class space    used 6203K, capacity 6390K, committed 6400K, reserved 1048576K
}
Event: 28.215 GC heap before
{Heap before GC invocations=17 (full 3):
 PSYoungGen      total 387584K, used 32054K [0x0000000780800000, 0x000000079c600000, 0x00000007c0000000)
  eden space 353792K, 0% used [0x0000000780800000,0x0000000780800000,0x0000000796180000)
  from space 33792K, 94% used [0x0000000798680000,0x000000079a5cda10,0x000000079a780000)
  to   space 37888K, 0% used [0x0000000796180000,0x0000000796180000,0x0000000798680000)
 ParOldGen       total 175616K, used 171067K [0x0000000701800000, 0x000000070c380000, 0x0000000780800000)
  object space 175616K, 97% used [0x0000000701800000,0x000000070bf0ec00,0x000000070c380000)
 Metaspace       used 47623K, capacity 48428K, committed 48856K, reserved 1091584K
  class space    used 6203K, capacity 6390K, committed 6400K, reserved 1048576K
Event: 28.418 GC heap after
Heap after GC invocations=17 (full 3):
 PSYoungGen      total 387584K, used 0K [0x0000000780800000, 0x000000079c600000, 0x00000007c0000000)
  eden space 353792K, 0% used [0x0000000780800000,0x0000000780800000,0x0000000796180000)
  from space 33792K, 0% used [0x0000000798680000,0x0000000798680000,0x000000079a780000)
  to   space 37888K, 0% used [0x0000000796180000,0x0000000796180000,0x0000000798680000)
 ParOldGen       total 306176K, used 116401K [0x0000000701800000, 0x0000000714300000, 0x0000000780800000)
  object space 306176K, 38% used [0x0000000701800000,0x00000007089ac480,0x0000000714300000)
 Metaspace       used 47623K, capacity 48428K, committed 48856K, reserved 1091584K
  class space    used 6203K, capacity 6390K, committed 6400K, reserved 1048576K
}
Event: 29.204 GC heap before
{Heap before GC invocations=18 (full 3):
 PSYoungGen      total 387584K, used 353792K [0x0000000780800000, 0x000000079c600000, 0x00000007c0000000)
  eden space 353792K, 100% used [0x0000000780800000,0x0000000796180000,0x0000000796180000)
  from space 33792K, 0% used [0x0000000798680000,0x0000000798680000,0x000000079a780000)
  to   space 37888K, 0% used [0x0000000796180000,0x0000000796180000,0x0000000798680000)
 ParOldGen       total 306176K, used 116612K [0x0000000701800000, 0x0000000714300000, 0x0000000780800000)
  object space 306176K, 38% used [0x0000000701800000,0x00000007089e1210,0x0000000714300000)
 Metaspace       used 47623K, capacity 48428K, committed 48856K, reserved 1091584K
  class space    used 6203K, capacity 6390K, committed 6400K, reserved 1048576K
Event: 29.217 GC heap after
Heap after GC invocations=18 (full 3):
 PSYoungGen      total 391680K, used 37878K [0x0000000780800000, 0x00000007a3100000, 0x00000007c0000000)
  eden space 353792K, 0% used [0x0000000780800000,0x0000000780800000,0x0000000796180000)
  from space 37888K, 99% used [0x0000000796180000,0x000000079867d8a0,0x0000000798680000)
  to   space 43520K, 0% used [0x00000007a0680000,0x00000007a0680000,0x00000007a3100000)
 ParOldGen       total 306176K, used 116612K [0x0000000701800000, 0x0000000714300000, 0x0000000780800000)
  object space 306176K, 38% used [0x0000000701800000,0x00000007089e1210,0x0000000714300000)
 Metaspace       used 47623K, capacity 48428K, committed 48856K, reserved 1091584K
  class space    used 6203K, capacity 6390K, committed 6400K, reserved 1048576K
}
Event: 29.847 GC heap before
{Heap before GC invocations=19 (full 3):
 PSYoungGen      total 391680K, used 391670K [0x0000000780800000, 0x00000007a3100000, 0x00000007c0000000)
  eden space 353792K, 100% used [0x0000000780800000,0x0000000796180000,0x0000000796180000)
  from space 37888K, 99% used [0x0000000796180000,0x000000079867d8a0,0x0000000798680000)
  to   space 43520K, 0% used [0x00000007a0680000,0x00000007a0680000,0x00000007a3100000)
 ParOldGen       total 306176K, used 116614K [0x0000000701800000, 0x0000000714300000, 0x0000000780800000)
  object space 306176K, 38% used [0x0000000701800000,0x00000007089e19f0,0x0000000714300000)
 Metaspace       used 47623K, capacity 48428K, committed 48856K, reserved 1091584K
  class space    used 6203K, capacity 6390K, committed 6400K, reserved 1048576K
Event: 29.869 GC heap after
Heap after GC invocations=19 (full 3):
 PSYoungGen      total 516608K, used 42684K [0x0000000780800000, 0x00000007a3d80000, 0x00000007c0000000)
  eden space 473088K, 0% used [0x0000000780800000,0x0000000780800000,0x000000079d600000)
  from space 43520K, 98% used [0x00000007a0680000,0x00000007a302f2e8,0x00000007a3100000)
  to   space 49664K, 0% used [0x000000079d600000,0x000000079d600000,0x00000007a0680000)
 ParOldGen       total 306176K, used 183908K [0x0000000701800000, 0x0000000714300000, 0x0000000780800000)
  object space 306176K, 60% used [0x0000000701800000,0x000000070cb99398,0x0000000714300000)
 Metaspace       used 47623K, capacity 48428K, committed 48856K, reserved 1091584K
  class space    used 6203K, capacity 6390K, committed 6400K, reserved 1048576K
}
Event: 30.565 GC heap before
{Heap before GC invocations=20 (full 3):
 PSYoungGen      total 516608K, used 515772K [0x0000000780800000, 0x00000007a3d80000, 0x00000007c0000000)
  eden space 473088K, 100% used [0x0000000780800000,0x000000079d600000,0x000000079d600000)
  from space 43520K, 98% used [0x00000007a0680000,0x00000007a302f2e8,0x00000007a3100000)
  to   space 49664K, 0% used [0x000000079d600000,0x000000079d600000,0x00000007a0680000)
 ParOldGen       total 306176K, used 183912K [0x0000000701800000, 0x0000000714300000, 0x0000000780800000)
  object space 306176K, 60% used [0x0000000701800000,0x000000070cb9a350,0x0000000714300000)
 Metaspace       used 47623K, capacity 48428K, committed 48856K, reserved 1091584K
  class space    used 6203K, capacity 6390K, committed 6400K, reserved 1048576K
Event: 30.586 GC heap after
Heap after GC invocations=20 (full 3):
 PSYoungGen      total 522752K, used 47011K [0x0000000780800000, 0x00000007aaf00000, 0x00000007c0000000)
  eden space 473088K, 0% used [0x0000000780800000,0x0000000780800000,0x000000079d600000)
  from space 49664K, 94% used [0x000000079d600000,0x00000007a03e8c10,0x00000007a0680000)
  to   space 55808K, 0% used [0x00000007a7880000,0x00000007a7880000,0x00000007aaf00000)
 ParOldGen       total 306176K, used 195668K [0x0000000701800000, 0x0000000714300000, 0x0000000780800000)
  object space 306176K, 63% used [0x0000000701800000,0x000000070d7153c8,0x0000000714300000)
 Metaspace       used 47623K, capacity 48428K, committed 48856K, reserved 1091584K
  class space    used 6203K, capacity 6390K, committed 6400K, reserved 1048576K
}

