# JRE version: Java(TM) SE Runtime Environment (8.0_211-b12) (build 1.8.0_211-b12)
# Java VM: Java HotSpot(TM) 64-Bit Server VM (25.211-b12 mixed mode windows-amd64 compressed oops)
Heap:
 PSYoungGen      total 472064K, used 72384K [0x0000000780800000, 0x00000007a1f80000, 0x00000007c0000000)
  eden space 424960K, 17% used [0x0000000780800000,0x0000000784eb0228,0x000000079a700000)
  from space 47104K, 0% used [0x000000079da80000,0x000000079da80000,0x00000007a0880000)
  to   space 52736K, 0% used [0x000000079a700000,0x000000079a700000,0x000000079da80000)
 ParOldGen       total 236544K, used 82406K [0x0000000701800000, 0x000000070ff00000, 0x0000000780800000)
  object space 236544K, 34% used [0x0000000701800000,0x0000000706879b20,0x000000070ff00000)
 Metaspace       used 46624K, capacity 47386K, committed 47704K, reserved 1091584K
  class space    used 6060K, capacity 6259K, committed 6272K, reserved 1048576K
GC Heap History (10 events):
Event: 26.894 GC heap before
{Heap before GC invocations=13 (full 2):
 PSYoungGen      total 287232K, used 287228K [0x0000000780800000, 0x0000000795a80000, 0x00000007c0000000)
  eden space 268800K, 100% used [0x0000000780800000,0x0000000790e80000,0x0000000790e80000)
  from space 18432K, 99% used [0x0000000792f00000,0x00000007940ff060,0x0000000794100000)
  to   space 33280K, 0% used [0x0000000790e80000,0x0000000790e80000,0x0000000792f00000)
 ParOldGen       total 140288K, used 61672K [0x0000000701800000, 0x000000070a100000, 0x0000000780800000)
  object space 140288K, 43% used [0x0000000701800000,0x000000070543a1e8,0x000000070a100000)
 Metaspace       used 46624K, capacity 47386K, committed 47704K, reserved 1091584K
  class space    used 6060K, capacity 6259K, committed 6272K, reserved 1048576K
Event: 26.917 GC heap after
Heap after GC invocations=13 (full 2):
 PSYoungGen      total 302080K, used 28585K [0x0000000780800000, 0x0000000798c80000, 0x00000007c0000000)
  eden space 268800K, 0% used [0x0000000780800000,0x0000000780800000,0x0000000790e80000)
  from space 33280K, 85% used [0x0000000790e80000,0x0000000792a6a4a0,0x0000000792f00000)
  to   space 36864K, 0% used [0x0000000796880000,0x0000000796880000,0x0000000798c80000)
 ParOldGen       total 140288K, used 61680K [0x0000000701800000, 0x000000070a100000, 0x0000000780800000)
  object space 140288K, 43% used [0x0000000701800000,0x000000070543c1e8,0x000000070a100000)
 Metaspace       used 46624K, capacity 47386K, committed 47704K, reserved 1091584K
  class space    used 6060K, capacity 6259K, committed 6272K, reserved 1048576K
}
Event: 27.419 GC heap before
{Heap before GC invocations=14 (full 2):
 PSYoungGen      total 302080K, used 293574K [0x0000000780800000, 0x0000000798c80000, 0x00000007c0000000)
  eden space 268800K, 98% used [0x0000000780800000,0x0000000790ac7580,0x0000000790e80000)
  from space 33280K, 85% used [0x0000000790e80000,0x0000000792a6a4a0,0x0000000792f00000)
  to   space 36864K, 0% used [0x0000000796880000,0x0000000796880000,0x0000000798c80000)
 ParOldGen       total 140288K, used 65596K [0x0000000701800000, 0x000000070a100000, 0x0000000780800000)
  object space 140288K, 46% used [0x0000000701800000,0x000000070580f210,0x000000070a100000)
 Metaspace       used 46624K, capacity 47386K, committed 47704K, reserved 1091584K
  class space    used 6060K, capacity 6259K, committed 6272K, reserved 1048576K
Event: 27.452 GC heap after
Heap after GC invocations=14 (full 2):
 PSYoungGen      total 355840K, used 36717K [0x0000000780800000, 0x000000079b080000, 0x00000007c0000000)
  eden space 318976K, 0% used [0x0000000780800000,0x0000000780800000,0x0000000793f80000)
  from space 36864K, 99% used [0x0000000796880000,0x0000000798c5b4b0,0x0000000798c80000)
  to   space 41984K, 0% used [0x0000000793f80000,0x0000000793f80000,0x0000000796880000)
 ParOldGen       total 140288K, used 83821K [0x0000000701800000, 0x000000070a100000, 0x0000000780800000)
  object space 140288K, 59% used [0x0000000701800000,0x00000007069db640,0x000000070a100000)
 Metaspace       used 46624K, capacity 47386K, committed 47704K, reserved 1091584K
  class space    used 6060K, capacity 6259K, committed 6272K, reserved 1048576K
}
Event: 27.937 GC heap before
{Heap before GC invocations=15 (full 2):
 PSYoungGen      total 355840K, used 355693K [0x0000000780800000, 0x000000079b080000, 0x00000007c0000000)
  eden space 318976K, 100% used [0x0000000780800000,0x0000000793f80000,0x0000000793f80000)
  from space 36864K, 99% used [0x0000000796880000,0x0000000798c5b4b0,0x0000000798c80000)
  to   space 41984K, 0% used [0x0000000793f80000,0x0000000793f80000,0x0000000796880000)
 ParOldGen       total 140288K, used 83823K [0x0000000701800000, 0x000000070a100000, 0x0000000780800000)
  object space 140288K, 59% used [0x0000000701800000,0x00000007069dbe40,0x000000070a100000)
 Metaspace       used 46624K, capacity 47386K, committed 47704K, reserved 1091584K
  class space    used 6060K, capacity 6259K, committed 6272K, reserved 1048576K
Event: 27.968 GC heap after
Heap after GC invocations=15 (full 2):
 PSYoungGen      total 360960K, used 38575K [0x0000000780800000, 0x00000007a0880000, 0x00000007c0000000)
  eden space 318976K, 0% used [0x0000000780800000,0x0000000780800000,0x0000000793f80000)
  from space 41984K, 91% used [0x0000000793f80000,0x000000079652bf60,0x0000000796880000)
  to   space 47104K, 0% used [0x000000079da80000,0x000000079da80000,0x00000007a0880000)
 ParOldGen       total 140288K, used 109437K [0x0000000701800000, 0x000000070a100000, 0x0000000780800000)
  object space 140288K, 78% used [0x0000000701800000,0x00000007082df6f0,0x000000070a100000)
 Metaspace       used 46624K, capacity 47386K, committed 47704K, reserved 1091584K
  class space    used 6060K, capacity 6259K, committed 6272K, reserved 1048576K
}
Event: 28.415 GC heap before
{Heap before GC invocations=16 (full 2):
 PSYoungGen      total 360960K, used 357551K [0x0000000780800000, 0x00000007a0880000, 0x00000007c0000000)
  eden space 318976K, 100% used [0x0000000780800000,0x0000000793f80000,0x0000000793f80000)
  from space 41984K, 91% used [0x0000000793f80000,0x000000079652bf60,0x0000000796880000)
  to   space 47104K, 0% used [0x000000079da80000,0x000000079da80000,0x00000007a0880000)
 ParOldGen       total 140288K, used 109439K [0x0000000701800000, 0x000000070a100000, 0x0000000780800000)
  object space 140288K, 78% used [0x0000000701800000,0x00000007082dfed0,0x000000070a100000)
 Metaspace       used 46624K, capacity 47386K, committed 47704K, reserved 1091584K
  class space    used 6060K, capacity 6259K, committed 6272K, reserved 1048576K
Event: 28.452 GC heap after
Heap after GC invocations=16 (full 2):
 PSYoungGen      total 472064K, used 42666K [0x0000000780800000, 0x00000007a1f80000, 0x00000007c0000000)
  eden space 424960K, 0% used [0x0000000780800000,0x0000000780800000,0x000000079a700000)
  from space 47104K, 90% used [0x000000079da80000,0x00000007a042a848,0x00000007a0880000)
  to   space 52736K, 0% used [0x000000079a700000,0x000000079a700000,0x000000079da80000)
 ParOldGen       total 140288K, used 119751K [0x0000000701800000, 0x000000070a100000, 0x0000000780800000)
  object space 140288K, 85% used [0x0000000701800000,0x0000000708cf1f20,0x000000070a100000)
 Metaspace       used 46624K, capacity 47386K, committed 47704K, reserved 1091584K
  class space    used 6060K, capacity 6259K, committed 6272K, reserved 1048576K
}
Event: 28.452 GC heap before
{Heap before GC invocations=17 (full 3):
 PSYoungGen      total 472064K, used 42666K [0x0000000780800000, 0x00000007a1f80000, 0x00000007c0000000)
  eden space 424960K, 0% used [0x0000000780800000,0x0000000780800000,0x000000079a700000)
  from space 47104K, 90% used [0x000000079da80000,0x00000007a042a848,0x00000007a0880000)
  to   space 52736K, 0% used [0x000000079a700000,0x000000079a700000,0x000000079da80000)
 ParOldGen       total 140288K, used 119751K [0x0000000701800000, 0x000000070a100000, 0x0000000780800000)
  object space 140288K, 85% used [0x0000000701800000,0x0000000708cf1f20,0x000000070a100000)
 Metaspace       used 46624K, capacity 47386K, committed 47704K, reserved 1091584K
  class space    used 6060K, capacity 6259K, committed 6272K, reserved 1048576K
Event: 28.651 GC heap after
Heap after GC invocations=17 (full 3):
 PSYoungGen      total 472064K, used 0K [0x0000000780800000, 0x00000007a1f80000, 0x00000007c0000000)
  eden space 424960K, 0% used [0x0000000780800000,0x0000000780800000,0x000000079a700000)
  from space 47104K, 0% used [0x000000079da80000,0x000000079da80000,0x00000007a0880000)
  to   space 52736K, 0% used [0x000000079a700000,0x000000079a700000,0x000000079da80000)
 ParOldGen       total 236544K, used 82406K [0x0000000701800000, 0x000000070ff00000, 0x0000000780800000)
  object space 236544K, 34% used [0x0000000701800000,0x0000000706879b20,0x000000070ff00000)
 Metaspace       used 46624K, capacity 47386K, committed 47704K, reserved 1091584K
  class space    used 6060K, capacity 6259K, committed 6272K, reserved 1048576K
}

