# JRE version: Java(TM) SE Runtime Environment (8.0_211-b12) (build 1.8.0_211-b12)
# Java VM: Java HotSpot(TM) 64-Bit Server VM (25.211-b12 mixed mode windows-amd64 compressed oops)
Heap:
 PSYoungGen      total 815104K, used 268181K [0x0000000780800000, 0x00000007c0000000, 0x00000007c0000000)
  eden space 781312K, 30% used [0x0000000780800000,0x000000078ee6b4d0,0x00000007b0300000)
  from space 33792K, 95% used [0x00000007b0300000,0x00000007b227a1a8,0x00000007b2400000)
  to   space 37888K, 0% used [0x00000007bdb00000,0x00000007bdb00000,0x00000007c0000000)
 ParOldGen       total 214528K, used 140724K [0x0000000701800000, 0x000000070e980000, 0x0000000780800000)
  object space 214528K, 65% used [0x0000000701800000,0x000000070a16d338,0x000000070e980000)
 Metaspace       used 47604K, capacity 48364K, committed 48600K, reserved 1091584K
  class space    used 6206K, capacity 6390K, committed 6400K, reserved 1048576K
GC Heap History (10 events):
Event: 56.734 GC heap before
{Heap before GC invocations=16 (full 2):
 PSYoungGen      total 420864K, used 409331K [0x0000000780800000, 0x00000007a6780000, 0x00000007c0000000)
  eden space 395264K, 100% used [0x0000000780800000,0x0000000798a00000,0x0000000798a00000)
  from space 25600K, 54% used [0x0000000798a00000,0x00000007997bcc60,0x000000079a300000)
  to   space 25088K, 0% used [0x00000007a4f00000,0x00000007a4f00000,0x00000007a6780000)
 ParOldGen       total 92672K, used 39160K [0x0000000701800000, 0x0000000707280000, 0x0000000780800000)
  object space 92672K, 42% used [0x0000000701800000,0x0000000703e3e078,0x0000000707280000)
 Metaspace       used 47602K, capacity 48358K, committed 48600K, reserved 1091584K
  class space    used 6205K, capacity 6389K, committed 6400K, reserved 1048576K
Event: 56.746 GC heap after
Heap after GC invocations=16 (full 2):
 PSYoungGen      total 587264K, used 23158K [0x0000000780800000, 0x00000007a6600000, 0x00000007c0000000)
  eden space 563712K, 0% used [0x0000000780800000,0x0000000780800000,0x00000007a2e80000)
  from space 23552K, 98% used [0x00000007a4f00000,0x00000007a659dba8,0x00000007a6600000)
  to   space 27648K, 0% used [0x00000007a3000000,0x00000007a3000000,0x00000007a4b00000)
 ParOldGen       total 92672K, used 43131K [0x0000000701800000, 0x0000000707280000, 0x0000000780800000)
  object space 92672K, 46% used [0x0000000701800000,0x000000070421ef40,0x0000000707280000)
 Metaspace       used 47602K, capacity 48358K, committed 48600K, reserved 1091584K
  class space    used 6205K, capacity 6389K, committed 6400K, reserved 1048576K
}
Event: 61.023 GC heap before
{Heap before GC invocations=17 (full 2):
 PSYoungGen      total 587264K, used 586870K [0x0000000780800000, 0x00000007a6600000, 0x00000007c0000000)
  eden space 563712K, 100% used [0x0000000780800000,0x00000007a2e80000,0x00000007a2e80000)
  from space 23552K, 98% used [0x00000007a4f00000,0x00000007a659dba8,0x00000007a6600000)
  to   space 27648K, 0% used [0x00000007a3000000,0x00000007a3000000,0x00000007a4b00000)
 ParOldGen       total 92672K, used 43134K [0x0000000701800000, 0x0000000707280000, 0x0000000780800000)
  object space 92672K, 46% used [0x0000000701800000,0x000000070421fbf8,0x0000000707280000)
 Metaspace       used 47604K, capacity 48364K, committed 48600K, reserved 1091584K
  class space    used 6206K, capacity 6390K, committed 6400K, reserved 1048576K
Event: 61.036 GC heap after
Heap after GC invocations=17 (full 2):
 PSYoungGen      total 592896K, used 24492K [0x0000000780800000, 0x00000007b4180000, 0x00000007c0000000)
  eden space 565248K, 0% used [0x0000000780800000,0x0000000780800000,0x00000007a3000000)
  from space 27648K, 88% used [0x00000007a3000000,0x00000007a47eb040,0x00000007a4b00000)
  to   space 30208K, 0% used [0x00000007b2400000,0x00000007b2400000,0x00000007b4180000)
 ParOldGen       total 92672K, used 49226K [0x0000000701800000, 0x0000000707280000, 0x0000000780800000)
  object space 92672K, 53% used [0x0000000701800000,0x0000000704812808,0x0000000707280000)
 Metaspace       used 47604K, capacity 48364K, committed 48600K, reserved 1091584K
  class space    used 6206K, capacity 6390K, committed 6400K, reserved 1048576K
}
Event: 62.196 GC heap before
{Heap before GC invocations=18 (full 2):
 PSYoungGen      total 592896K, used 589740K [0x0000000780800000, 0x00000007b4180000, 0x00000007c0000000)
  eden space 565248K, 100% used [0x0000000780800000,0x00000007a3000000,0x00000007a3000000)
  from space 27648K, 88% used [0x00000007a3000000,0x00000007a47eb040,0x00000007a4b00000)
  to   space 30208K, 0% used [0x00000007b2400000,0x00000007b2400000,0x00000007b4180000)
 ParOldGen       total 92672K, used 49788K [0x0000000701800000, 0x0000000707280000, 0x0000000780800000)
  object space 92672K, 53% used [0x0000000701800000,0x000000070489f328,0x0000000707280000)
 Metaspace       used 47604K, capacity 48364K, committed 48600K, reserved 1091584K
  class space    used 6206K, capacity 6390K, committed 6400K, reserved 1048576K
Event: 62.226 GC heap after
Heap after GC invocations=18 (full 2):
 PSYoungGen      total 811520K, used 27638K [0x0000000780800000, 0x00000007b5200000, 0x00000007c0000000)
  eden space 781312K, 0% used [0x0000000780800000,0x0000000780800000,0x00000007b0300000)
  from space 30208K, 91% used [0x00000007b2400000,0x00000007b3efd8c0,0x00000007b4180000)
  to   space 33792K, 0% used [0x00000007b0300000,0x00000007b0300000,0x00000007b2400000)
 ParOldGen       total 115200K, used 114087K [0x0000000701800000, 0x0000000708880000, 0x0000000780800000)
  object space 115200K, 99% used [0x0000000701800000,0x0000000708769d90,0x0000000708880000)
 Metaspace       used 47604K, capacity 48364K, committed 48600K, reserved 1091584K
  class space    used 6206K, capacity 6390K, committed 6400K, reserved 1048576K
}
Event: 62.227 GC heap before
{Heap before GC invocations=19 (full 3):
 PSYoungGen      total 811520K, used 27638K [0x0000000780800000, 0x00000007b5200000, 0x00000007c0000000)
  eden space 781312K, 0% used [0x0000000780800000,0x0000000780800000,0x00000007b0300000)
  from space 30208K, 91% used [0x00000007b2400000,0x00000007b3efd8c0,0x00000007b4180000)
  to   space 33792K, 0% used [0x00000007b0300000,0x00000007b0300000,0x00000007b2400000)
 ParOldGen       total 115200K, used 114087K [0x0000000701800000, 0x0000000708880000, 0x0000000780800000)
  object space 115200K, 99% used [0x0000000701800000,0x0000000708769d90,0x0000000708880000)
 Metaspace       used 47604K, capacity 48364K, committed 48600K, reserved 1091584K
  class space    used 6206K, capacity 6390K, committed 6400K, reserved 1048576K
Event: 62.462 GC heap after
Heap after GC invocations=19 (full 3):
 PSYoungGen      total 811520K, used 0K [0x0000000780800000, 0x00000007b5200000, 0x00000007c0000000)
  eden space 781312K, 0% used [0x0000000780800000,0x0000000780800000,0x00000007b0300000)
  from space 30208K, 0% used [0x00000007b2400000,0x00000007b2400000,0x00000007b4180000)
  to   space 33792K, 0% used [0x00000007b0300000,0x00000007b0300000,0x00000007b2400000)
 ParOldGen       total 214528K, used 109231K [0x0000000701800000, 0x000000070e980000, 0x0000000780800000)
  object space 214528K, 50% used [0x0000000701800000,0x00000007082abc08,0x000000070e980000)
 Metaspace       used 47604K, capacity 48364K, committed 48600K, reserved 1091584K
  class space    used 6206K, capacity 6390K, committed 6400K, reserved 1048576K
}
Event: 63.520 GC heap before
{Heap before GC invocations=20 (full 3):
 PSYoungGen      total 811520K, used 781312K [0x0000000780800000, 0x00000007b5200000, 0x00000007c0000000)
  eden space 781312K, 100% used [0x0000000780800000,0x00000007b0300000,0x00000007b0300000)
  from space 30208K, 0% used [0x00000007b2400000,0x00000007b2400000,0x00000007b4180000)
  to   space 33792K, 0% used [0x00000007b0300000,0x00000007b0300000,0x00000007b2400000)
 ParOldGen       total 214528K, used 109443K [0x0000000701800000, 0x000000070e980000, 0x0000000780800000)
  object space 214528K, 51% used [0x0000000701800000,0x00000007082e0cd8,0x000000070e980000)
 Metaspace       used 47604K, capacity 48364K, committed 48600K, reserved 1091584K
  class space    used 6206K, capacity 6390K, committed 6400K, reserved 1048576K
Event: 63.544 GC heap after
Heap after GC invocations=20 (full 3):
 PSYoungGen      total 815104K, used 32232K [0x0000000780800000, 0x00000007c0000000, 0x00000007c0000000)
  eden space 781312K, 0% used [0x0000000780800000,0x0000000780800000,0x00000007b0300000)
  from space 33792K, 95% used [0x00000007b0300000,0x00000007b227a1a8,0x00000007b2400000)
  to   space 37888K, 0% used [0x00000007bdb00000,0x00000007bdb00000,0x00000007c0000000)
 ParOldGen       total 214528K, used 140724K [0x0000000701800000, 0x000000070e980000, 0x0000000780800000)
  object space 214528K, 65% used [0x0000000701800000,0x000000070a16d338,0x000000070e980000)
 Metaspace       used 47604K, capacity 48364K, committed 48600K, reserved 1091584K
  class space    used 6206K, capacity 6390K, committed 6400K, reserved 1048576K
}

