# JRE version: Java(TM) SE Runtime Environment (8.0_211-b12) (build 1.8.0_211-b12)
# Java VM: Java HotSpot(TM) 64-Bit Server VM (25.211-b12 mixed mode windows-amd64 compressed oops)
Heap:
 PSYoungGen      total 583168K, used 578919K [0x0000000780800000, 0x00000007ada80000, 0x00000007c0000000)
  eden space 521728K, 99% used [0x0000000780800000,0x00000007a02735c0,0x00000007a0580000)
  from space 61440K, 98% used [0x00000007a4a80000,0x00000007a8566a28,0x00000007a8680000)
  to   space 70656K, 0% used [0x00000007a0580000,0x00000007a0580000,0x00000007a4a80000)
 ParOldGen       total 254976K, used 170193K [0x0000000701800000, 0x0000000711100000, 0x0000000780800000)
  object space 254976K, 66% used [0x0000000701800000,0x000000070be346f8,0x0000000711100000)
 Metaspace       used 46616K, capacity 47450K, committed 47704K, reserved 1091584K
  class space    used 6059K, capacity 6259K, committed 6272K, reserved 1048576K
GC Heap History (10 events):
Event: 22.553 GC heap before
{Heap before GC invocations=15 (full 3):
 PSYoungGen      total 344064K, used 36653K [0x0000000780800000, 0x0000000798780000, 0x00000007c0000000)
  eden space 306688K, 0% used [0x0000000780800000,0x0000000780800000,0x0000000793380000)
  from space 37376K, 98% used [0x0000000795e00000,0x00000007981cb4b0,0x0000000798280000)
  to   space 43008K, 0% used [0x0000000793380000,0x0000000793380000,0x0000000795d80000)
 ParOldGen       total 145920K, used 116364K [0x0000000701800000, 0x000000070a680000, 0x0000000780800000)
  object space 145920K, 79% used [0x0000000701800000,0x00000007089a3050,0x000000070a680000)
 Metaspace       used 46616K, capacity 47450K, committed 47704K, reserved 1091584K
  class space    used 6059K, capacity 6259K, committed 6272K, reserved 1048576K
Event: 22.739 GC heap after
Heap after GC invocations=15 (full 3):
 PSYoungGen      total 344064K, used 0K [0x0000000780800000, 0x0000000798780000, 0x00000007c0000000)
  eden space 306688K, 0% used [0x0000000780800000,0x0000000780800000,0x0000000793380000)
  from space 37376K, 0% used [0x0000000795e00000,0x0000000795e00000,0x0000000798280000)
  to   space 43008K, 0% used [0x0000000793380000,0x0000000793380000,0x0000000795d80000)
 ParOldGen       total 254976K, used 70089K [0x0000000701800000, 0x0000000711100000, 0x0000000780800000)
  object space 254976K, 27% used [0x0000000701800000,0x0000000705c725a0,0x0000000711100000)
 Metaspace       used 46616K, capacity 47450K, committed 47704K, reserved 1091584K
  class space    used 6059K, capacity 6259K, committed 6272K, reserved 1048576K
}
Event: 23.325 GC heap before
{Heap before GC invocations=16 (full 3):
 PSYoungGen      total 344064K, used 306688K [0x0000000780800000, 0x0000000798780000, 0x00000007c0000000)
  eden space 306688K, 100% used [0x0000000780800000,0x0000000793380000,0x0000000793380000)
  from space 37376K, 0% used [0x0000000795e00000,0x0000000795e00000,0x0000000798280000)
  to   space 43008K, 0% used [0x0000000793380000,0x0000000793380000,0x0000000795d80000)
 ParOldGen       total 254976K, used 76164K [0x0000000701800000, 0x0000000711100000, 0x0000000780800000)
  object space 254976K, 29% used [0x0000000701800000,0x00000007062611b0,0x0000000711100000)
 Metaspace       used 46616K, capacity 47450K, committed 47704K, reserved 1091584K
  class space    used 6059K, capacity 6259K, committed 6272K, reserved 1048576K
Event: 23.346 GC heap after
Heap after GC invocations=16 (full 3):
 PSYoungGen      total 349696K, used 38469K [0x0000000780800000, 0x000000079e200000, 0x00000007c0000000)
  eden space 306688K, 0% used [0x0000000780800000,0x0000000780800000,0x0000000793380000)
  from space 43008K, 89% used [0x0000000793380000,0x0000000795911478,0x0000000795d80000)
  to   space 47616K, 0% used [0x000000079b380000,0x000000079b380000,0x000000079e200000)
 ParOldGen       total 254976K, used 112614K [0x0000000701800000, 0x0000000711100000, 0x0000000780800000)
  object space 254976K, 44% used [0x0000000701800000,0x00000007085f9a10,0x0000000711100000)
 Metaspace       used 46616K, capacity 47450K, committed 47704K, reserved 1091584K
  class space    used 6059K, capacity 6259K, committed 6272K, reserved 1048576K
}
Event: 23.856 GC heap before
{Heap before GC invocations=17 (full 3):
 PSYoungGen      total 349696K, used 345157K [0x0000000780800000, 0x000000079e200000, 0x00000007c0000000)
  eden space 306688K, 100% used [0x0000000780800000,0x0000000793380000,0x0000000793380000)
  from space 43008K, 89% used [0x0000000793380000,0x0000000795911478,0x0000000795d80000)
  to   space 47616K, 0% used [0x000000079b380000,0x000000079b380000,0x000000079e200000)
 ParOldGen       total 254976K, used 112818K [0x0000000701800000, 0x0000000711100000, 0x0000000780800000)
  object space 254976K, 44% used [0x0000000701800000,0x000000070862c810,0x0000000711100000)
 Metaspace       used 46616K, capacity 47450K, committed 47704K, reserved 1091584K
  class space    used 6059K, capacity 6259K, committed 6272K, reserved 1048576K
Event: 23.892 GC heap after
Heap after GC invocations=17 (full 3):
 PSYoungGen      total 431616K, used 44224K [0x0000000780800000, 0x00000007a0680000, 0x00000007c0000000)
  eden space 384000K, 0% used [0x0000000780800000,0x0000000780800000,0x0000000797f00000)
  from space 47616K, 92% used [0x000000079b380000,0x000000079deb0228,0x000000079e200000)
  to   space 53760K, 0% used [0x0000000797f00000,0x0000000797f00000,0x000000079b380000)
 ParOldGen       total 254976K, used 126725K [0x0000000701800000, 0x0000000711100000, 0x0000000780800000)
  object space 254976K, 49% used [0x0000000701800000,0x00000007093c1470,0x0000000711100000)
 Metaspace       used 46616K, capacity 47450K, committed 47704K, reserved 1091584K
  class space    used 6059K, capacity 6259K, committed 6272K, reserved 1048576K
}
Event: 24.431 GC heap before
{Heap before GC invocations=18 (full 3):
 PSYoungGen      total 431616K, used 428224K [0x0000000780800000, 0x00000007a0680000, 0x00000007c0000000)
  eden space 384000K, 100% used [0x0000000780800000,0x0000000797f00000,0x0000000797f00000)
  from space 47616K, 92% used [0x000000079b380000,0x000000079deb0228,0x000000079e200000)
  to   space 53760K, 0% used [0x0000000797f00000,0x0000000797f00000,0x000000079b380000)
 ParOldGen       total 254976K, used 126729K [0x0000000701800000, 0x0000000711100000, 0x0000000780800000)
  object space 254976K, 49% used [0x0000000701800000,0x00000007093c2450,0x0000000711100000)
 Metaspace       used 46616K, capacity 47450K, committed 47704K, reserved 1091584K
  class space    used 6059K, capacity 6259K, committed 6272K, reserved 1048576K
Event: 24.463 GC heap after
Heap after GC invocations=18 (full 3):
 PSYoungGen      total 437760K, used 52112K [0x0000000780800000, 0x00000007a8680000, 0x00000007c0000000)
  eden space 384000K, 0% used [0x0000000780800000,0x0000000780800000,0x0000000797f00000)
  from space 53760K, 96% used [0x0000000797f00000,0x000000079b1e4230,0x000000079b380000)
  to   space 61440K, 0% used [0x00000007a4a80000,0x00000007a4a80000,0x00000007a8680000)
 ParOldGen       total 254976K, used 158445K [0x0000000701800000, 0x0000000711100000, 0x0000000780800000)
  object space 254976K, 62% used [0x0000000701800000,0x000000070b2bb680,0x0000000711100000)
 Metaspace       used 46616K, capacity 47450K, committed 47704K, reserved 1091584K
  class space    used 6059K, capacity 6259K, committed 6272K, reserved 1048576K
}
Event: 24.463 GC heap before
{Heap before GC invocations=19 (full 3):
 PSYoungGen      total 437760K, used 53029K [0x0000000780800000, 0x00000007a8680000, 0x00000007c0000000)
  eden space 384000K, 0% used [0x0000000780800000,0x00000007808e5378,0x0000000797f00000)
  from space 53760K, 96% used [0x0000000797f00000,0x000000079b1e4230,0x000000079b380000)
  to   space 61440K, 0% used [0x00000007a4a80000,0x00000007a4a80000,0x00000007a8680000)
 ParOldGen       total 254976K, used 158445K [0x0000000701800000, 0x0000000711100000, 0x0000000780800000)
  object space 254976K, 62% used [0x0000000701800000,0x000000070b2bb680,0x0000000711100000)
 Metaspace       used 46616K, capacity 47450K, committed 47704K, reserved 1091584K
  class space    used 6059K, capacity 6259K, committed 6272K, reserved 1048576K
Event: 24.484 GC heap after
Heap after GC invocations=19 (full 3):
 PSYoungGen      total 583168K, used 60314K [0x0000000780800000, 0x00000007ada80000, 0x00000007c0000000)
  eden space 521728K, 0% used [0x0000000780800000,0x0000000780800000,0x00000007a0580000)
  from space 61440K, 98% used [0x00000007a4a80000,0x00000007a8566a28,0x00000007a8680000)
  to   space 70656K, 0% used [0x00000007a0580000,0x00000007a0580000,0x00000007a4a80000)
 ParOldGen       total 254976K, used 170193K [0x0000000701800000, 0x0000000711100000, 0x0000000780800000)
  object space 254976K, 66% used [0x0000000701800000,0x000000070be346f8,0x0000000711100000)
 Metaspace       used 46616K, capacity 47450K, committed 47704K, reserved 1091584K
  class space    used 6059K, capacity 6259K, committed 6272K, reserved 1048576K
}

