# JRE version: Java(TM) SE Runtime Environment (8.0_211-b12) (build 1.8.0_211-b12)
# Java VM: Java HotSpot(TM) 64-Bit Server VM (25.211-b12 mixed mode windows-amd64 compressed oops)
Heap:
 PSYoungGen      total 459264K, used 271989K [0x0000000780800000, 0x00000007a9280000, 0x00000007c0000000)
  eden space 405504K, 54% used [0x0000000780800000,0x000000078de24790,0x0000000799400000)
  from space 53760K, 98% used [0x0000000799400000,0x000000079c778dc8,0x000000079c880000)
  to   space 61440K, 0% used [0x00000007a5680000,0x00000007a5680000,0x00000007a9280000)
 ParOldGen       total 267776K, used 155250K [0x0000000701800000, 0x0000000711d80000, 0x0000000780800000)
  object space 267776K, 57% used [0x0000000701800000,0x000000070af9c878,0x0000000711d80000)
 Metaspace       used 47618K, capacity 48422K, committed 48856K, reserved 1091584K
  class space    used 6198K, capacity 6389K, committed 6400K, reserved 1048576K
GC Heap History (10 events):
Event: 24.947 GC heap before
{Heap before GC invocations=14 (full 2):
 PSYoungGen      total 295424K, used 295412K [0x0000000780800000, 0x0000000799600000, 0x00000007c0000000)
  eden space 266240K, 100% used [0x0000000780800000,0x0000000790c00000,0x0000000790c00000)
  from space 29184K, 99% used [0x0000000790c00000,0x000000079287d0c8,0x0000000792880000)
  to   space 36864K, 0% used [0x0000000797200000,0x0000000797200000,0x0000000799600000)
 ParOldGen       total 141824K, used 60929K [0x0000000701800000, 0x000000070a280000, 0x0000000780800000)
  object space 141824K, 42% used [0x0000000701800000,0x0000000705380748,0x000000070a280000)
 Metaspace       used 47618K, capacity 48422K, committed 48856K, reserved 1091584K
  class space    used 6198K, capacity 6389K, committed 6400K, reserved 1048576K
Event: 24.984 GC heap after
Heap after GC invocations=14 (full 2):
 PSYoungGen      total 364544K, used 32658K [0x0000000780800000, 0x0000000799800000, 0x00000007c0000000)
  eden space 327680K, 0% used [0x0000000780800000,0x0000000780800000,0x0000000794800000)
  from space 36864K, 88% used [0x0000000797200000,0x00000007991e49c0,0x0000000799600000)
  to   space 40960K, 0% used [0x0000000794800000,0x0000000794800000,0x0000000797000000)
 ParOldGen       total 141824K, used 117629K [0x0000000701800000, 0x000000070a280000, 0x0000000780800000)
  object space 141824K, 82% used [0x0000000701800000,0x0000000708adf7d8,0x000000070a280000)
 Metaspace       used 47618K, capacity 48422K, committed 48856K, reserved 1091584K
  class space    used 6198K, capacity 6389K, committed 6400K, reserved 1048576K
}
Event: 24.984 GC heap before
{Heap before GC invocations=15 (full 3):
 PSYoungGen      total 364544K, used 32658K [0x0000000780800000, 0x0000000799800000, 0x00000007c0000000)
  eden space 327680K, 0% used [0x0000000780800000,0x0000000780800000,0x0000000794800000)
  from space 36864K, 88% used [0x0000000797200000,0x00000007991e49c0,0x0000000799600000)
  to   space 40960K, 0% used [0x0000000794800000,0x0000000794800000,0x0000000797000000)
 ParOldGen       total 141824K, used 117629K [0x0000000701800000, 0x000000070a280000, 0x0000000780800000)
  object space 141824K, 82% used [0x0000000701800000,0x0000000708adf7d8,0x000000070a280000)
 Metaspace       used 47618K, capacity 48422K, committed 48856K, reserved 1091584K
  class space    used 6198K, capacity 6389K, committed 6400K, reserved 1048576K
Event: 25.209 GC heap after
Heap after GC invocations=15 (full 3):
 PSYoungGen      total 364544K, used 0K [0x0000000780800000, 0x0000000799800000, 0x00000007c0000000)
  eden space 327680K, 0% used [0x0000000780800000,0x0000000780800000,0x0000000794800000)
  from space 36864K, 0% used [0x0000000797200000,0x0000000797200000,0x0000000799600000)
  to   space 40960K, 0% used [0x0000000794800000,0x0000000794800000,0x0000000797000000)
 ParOldGen       total 267776K, used 86342K [0x0000000701800000, 0x0000000711d80000, 0x0000000780800000)
  object space 267776K, 32% used [0x0000000701800000,0x0000000706c51940,0x0000000711d80000)
 Metaspace       used 47618K, capacity 48422K, committed 48856K, reserved 1091584K
  class space    used 6198K, capacity 6389K, committed 6400K, reserved 1048576K
}
Event: 25.869 GC heap before
{Heap before GC invocations=16 (full 3):
 PSYoungGen      total 364544K, used 327680K [0x0000000780800000, 0x0000000799800000, 0x00000007c0000000)
  eden space 327680K, 100% used [0x0000000780800000,0x0000000794800000,0x0000000794800000)
  from space 36864K, 0% used [0x0000000797200000,0x0000000797200000,0x0000000799600000)
  to   space 40960K, 0% used [0x0000000794800000,0x0000000794800000,0x0000000797000000)
 ParOldGen       total 267776K, used 100519K [0x0000000701800000, 0x0000000711d80000, 0x0000000780800000)
  object space 267776K, 37% used [0x0000000701800000,0x0000000707a29d20,0x0000000711d80000)
 Metaspace       used 47618K, capacity 48422K, committed 48856K, reserved 1091584K
  class space    used 6198K, capacity 6389K, committed 6400K, reserved 1048576K
Event: 25.884 GC heap after
Heap after GC invocations=16 (full 3):
 PSYoungGen      total 368640K, used 40392K [0x0000000780800000, 0x000000079f680000, 0x00000007c0000000)
  eden space 327680K, 0% used [0x0000000780800000,0x0000000780800000,0x0000000794800000)
  from space 40960K, 98% used [0x0000000794800000,0x0000000796f720a0,0x0000000797000000)
  to   space 47104K, 0% used [0x000000079c880000,0x000000079c880000,0x000000079f680000)
 ParOldGen       total 267776K, used 116585K [0x0000000701800000, 0x0000000711d80000, 0x0000000780800000)
  object space 267776K, 43% used [0x0000000701800000,0x00000007089da568,0x0000000711d80000)
 Metaspace       used 47618K, capacity 48422K, committed 48856K, reserved 1091584K
  class space    used 6198K, capacity 6389K, committed 6400K, reserved 1048576K
}
Event: 26.422 GC heap before
{Heap before GC invocations=17 (full 3):
 PSYoungGen      total 368640K, used 368072K [0x0000000780800000, 0x000000079f680000, 0x00000007c0000000)
  eden space 327680K, 100% used [0x0000000780800000,0x0000000794800000,0x0000000794800000)
  from space 40960K, 98% used [0x0000000794800000,0x0000000796f720a0,0x0000000797000000)
  to   space 47104K, 0% used [0x000000079c880000,0x000000079c880000,0x000000079f680000)
 ParOldGen       total 267776K, used 116596K [0x0000000701800000, 0x0000000711d80000, 0x0000000780800000)
  object space 267776K, 43% used [0x0000000701800000,0x00000007089dd1e8,0x0000000711d80000)
 Metaspace       used 47618K, capacity 48422K, committed 48856K, reserved 1091584K
  class space    used 6198K, capacity 6389K, committed 6400K, reserved 1048576K
Event: 26.443 GC heap after
Heap after GC invocations=17 (full 3):
 PSYoungGen      total 452608K, used 45198K [0x0000000780800000, 0x00000007a1380000, 0x00000007c0000000)
  eden space 405504K, 0% used [0x0000000780800000,0x0000000780800000,0x0000000799400000)
  from space 47104K, 95% used [0x000000079c880000,0x000000079f4a3818,0x000000079f680000)
  to   space 53760K, 0% used [0x0000000799400000,0x0000000799400000,0x000000079c880000)
 ParOldGen       total 267776K, used 126587K [0x0000000701800000, 0x0000000711d80000, 0x0000000780800000)
  object space 267776K, 47% used [0x0000000701800000,0x000000070939ee20,0x0000000711d80000)
 Metaspace       used 47618K, capacity 48422K, committed 48856K, reserved 1091584K
  class space    used 6198K, capacity 6389K, committed 6400K, reserved 1048576K
}
Event: 26.984 GC heap before
{Heap before GC invocations=18 (full 3):
 PSYoungGen      total 452608K, used 450702K [0x0000000780800000, 0x00000007a1380000, 0x00000007c0000000)
  eden space 405504K, 100% used [0x0000000780800000,0x0000000799400000,0x0000000799400000)
  from space 47104K, 95% used [0x000000079c880000,0x000000079f4a3818,0x000000079f680000)
  to   space 53760K, 0% used [0x0000000799400000,0x0000000799400000,0x000000079c880000)
 ParOldGen       total 267776K, used 131794K [0x0000000701800000, 0x0000000711d80000, 0x0000000780800000)
  object space 267776K, 49% used [0x0000000701800000,0x00000007098b4bb0,0x0000000711d80000)
 Metaspace       used 47618K, capacity 48422K, committed 48856K, reserved 1091584K
  class space    used 6198K, capacity 6389K, committed 6400K, reserved 1048576K
Event: 27.007 GC heap after
Heap after GC invocations=18 (full 3):
 PSYoungGen      total 459264K, used 52707K [0x0000000780800000, 0x00000007a9280000, 0x00000007c0000000)
  eden space 405504K, 0% used [0x0000000780800000,0x0000000780800000,0x0000000799400000)
  from space 53760K, 98% used [0x0000000799400000,0x000000079c778dc8,0x000000079c880000)
  to   space 61440K, 0% used [0x00000007a5680000,0x00000007a5680000,0x00000007a9280000)
 ParOldGen       total 267776K, used 155250K [0x0000000701800000, 0x0000000711d80000, 0x0000000780800000)
  object space 267776K, 57% used [0x0000000701800000,0x000000070af9c878,0x0000000711d80000)
 Metaspace       used 47618K, capacity 48422K, committed 48856K, reserved 1091584K
  class space    used 6198K, capacity 6389K, committed 6400K, reserved 1048576K
}

