<?xml version="1.0" encoding="UTF-8"?>
<testsuite name="top.jglo.ant9.JgnAnt9ApplicationTests" time="0.008" tests="1" errors="1" skipped="0" failures="0">
  <properties>
[...]
</properties>
  <testcase name="initializationError" classname="top.jglo.ant9.JgnAnt9ApplicationTests" time="0.008">
    <error message="Unable to find a @SpringBootConfiguration, you need to use @ContextConfiguration or @SpringBootTest(classes=...) with your test" type="java.lang.IllegalStateException"><![CDATA[java.lang.IllegalStateException: Unable to find a @SpringBootConfiguration, you need to use @ContextConfiguration or @SpringBootTest(classes=...) with your test
	at org.springframework.util.Assert.state(Assert.java:70)
	at org.springframework.boot.test.context.SpringBootTestContextBootstrapper.getOrFindConfigurationClasses(SpringBootTestContextBootstrapper.java:173)
	at org.springframework.boot.test.context.SpringBootTestContextBootstrapper.processMergedContextConfiguration(SpringBootTestContextBootstrapper.java:133)
	at org.springframework.test.context.support.AbstractTestContextBootstrapper.buildMergedContextConfiguration(AbstractTestContextBootstrapper.java:409)
	at org.springframework.test.context.support.AbstractTestContextBootstrapper.buildDefaultMergedContextConfiguration(AbstractTestContextBootstrapper.java:323)
	at org.springframework.test.context.support.AbstractTestContextBootstrapper.buildMergedContextConfiguration(AbstractTestContextBootstrapper.java:277)
	at org.springframework.test.context.support.AbstractTestContextBootstrapper.buildTestContext(AbstractTestContextBootstrapper.java:112)
	at org.springframework.boot.test.context.SpringBootTestContextBootstrapper.buildTestContext(SpringBootTestContextBootstrapper.java:78)
	at org.springframework.test.context.TestContextManager.<init>(TestContextManager.java:120)
	at org.springframework.test.context.TestContextManager.<init>(TestContextManager.java:105)
	at org.springframework.test.context.junit4.SpringJUnit4ClassRunner.createTestContextManager(SpringJUnit4ClassRunner.java:152)
	at org.springframework.test.context.junit4.SpringJUnit4ClassRunner.<init>(SpringJUnit4ClassRunner.java:143)
	at org.springframework.test.context.junit4.SpringRunner.<init>(SpringRunner.java:49)
	at sun.reflect.NativeConstructorAccessorImpl.newInstance0(Native Method)
	at sun.reflect.NativeConstructorAccessorImpl.newInstance(NativeConstructorAccessorImpl.java:62)
	at sun.reflect.DelegatingConstructorAccessorImpl.newInstance(DelegatingConstructorAccessorImpl.java:45)
	at java.lang.reflect.Constructor.newInstance(Constructor.java:423)
	at org.junit.internal.builders.AnnotatedBuilder.buildRunner(AnnotatedBuilder.java:104)
	at org.junit.internal.builders.AnnotatedBuilder.runnerForClass(AnnotatedBuilder.java:86)
	at org.junit.runners.model.RunnerBuilder.safeRunnerForClass(RunnerBuilder.java:59)
	at org.junit.internal.builders.AllDefaultPossibilitiesBuilder.runnerForClass(AllDefaultPossibilitiesBuilder.java:26)
	at org.junit.runners.model.RunnerBuilder.safeRunnerForClass(RunnerBuilder.java:59)
	at org.junit.internal.requests.ClassRequest.getRunner(ClassRequest.java:33)
	at org.apache.maven.surefire.junit4.JUnit4Provider.execute(JUnit4Provider.java:283)
	at org.apache.maven.surefire.junit4.JUnit4Provider.executeWithRerun(JUnit4Provider.java:173)
	at org.apache.maven.surefire.junit4.JUnit4Provider.executeTestSet(JUnit4Provider.java:153)
	at org.apache.maven.surefire.junit4.JUnit4Provider.invoke(JUnit4Provider.java:128)
	at org.apache.maven.surefire.booter.ForkedBooter.invokeProviderInSameClassLoader(ForkedBooter.java:203)
	at org.apache.maven.surefire.booter.ForkedBooter.runSuitesInProcess(ForkedBooter.java:155)
	at org.apache.maven.surefire.booter.ForkedBooter.main(ForkedBooter.java:103)
]]></error>
    <system-out><![CDATA[21:14:43.083 [main] DEBUG org.springframework.test.context.junit4.SpringJUnit4ClassRunner - SpringJUnit4ClassRunner constructor called with [class top.jglo.ant9.JgnAnt9ApplicationTests]
21:14:43.087 [main] DEBUG org.springframework.test.context.BootstrapUtils - Instantiating CacheAwareContextLoaderDelegate from class [org.springframework.test.context.cache.DefaultCacheAwareContextLoaderDelegate]
21:14:43.093 [main] DEBUG org.springframework.test.context.BootstrapUtils - Instantiating BootstrapContext using constructor [public org.springframework.test.context.support.DefaultBootstrapContext(java.lang.Class,org.springframework.test.context.CacheAwareContextLoaderDelegate)]
21:14:43.107 [main] DEBUG org.springframework.test.context.BootstrapUtils - Instantiating TestContextBootstrapper for test class [top.jglo.ant9.JgnAnt9ApplicationTests] from class [org.springframework.boot.test.context.SpringBootTestContextBootstrapper]
21:14:43.118 [main] INFO org.springframework.boot.test.context.SpringBootTestContextBootstrapper - Neither @ContextConfiguration nor @ContextHierarchy found for test class [top.jglo.ant9.JgnAnt9ApplicationTests], using SpringBootContextLoader
21:14:43.122 [main] DEBUG org.springframework.test.context.support.AbstractContextLoader - Did not detect default resource location for test class [top.jglo.ant9.JgnAnt9ApplicationTests]: class path resource [top/jglo/ant9/JgnAnt9ApplicationTests-context.xml] does not exist
21:14:43.123 [main] DEBUG org.springframework.test.context.support.AbstractContextLoader - Did not detect default resource location for test class [top.jglo.ant9.JgnAnt9ApplicationTests]: class path resource [top/jglo/ant9/JgnAnt9ApplicationTestsContext.groovy] does not exist
21:14:43.123 [main] INFO org.springframework.test.context.support.AbstractContextLoader - Could not detect default resource locations for test class [top.jglo.ant9.JgnAnt9ApplicationTests]: no resource found for suffixes {-context.xml, Context.groovy}.
21:14:43.123 [main] INFO org.springframework.test.context.support.AnnotationConfigContextLoaderUtils - Could not detect default configuration classes for test class [top.jglo.ant9.JgnAnt9ApplicationTests]: JgnAnt9ApplicationTests does not declare any static, non-private, non-final, nested classes annotated with @Configuration.
21:14:43.155 [main] DEBUG org.springframework.test.context.support.ActiveProfilesUtils - Could not find an 'annotation declaring class' for annotation type [org.springframework.test.context.ActiveProfiles] and class [top.jglo.ant9.JgnAnt9ApplicationTests]
21:14:43.163 [main] DEBUG org.springframework.core.env.StandardEnvironment - Adding [systemProperties] PropertySource with lowest search precedence
21:14:43.164 [main] DEBUG org.springframework.core.env.StandardEnvironment - Adding [systemEnvironment] PropertySource with lowest search precedence
21:14:43.164 [main] DEBUG org.springframework.core.env.StandardEnvironment - Initialized StandardEnvironment with PropertySources [systemProperties,systemEnvironment]
21:14:43.174 [main] DEBUG org.springframework.core.io.support.PathMatchingResourcePatternResolver - Resolved classpath location [top/jglo/ant9/] to resources [URL [file:/Users/jingening/User/jgn/%e8%bd%af%e4%bb%b6%e5%b7%a5%e7%a8%8b/%e9%a1%b9%e7%9b%ae%e5%b7%a5%e7%a8%8b/rjgc2/target/test-classes/top/jglo/ant9/]]
21:14:43.175 [main] DEBUG org.springframework.core.io.support.PathMatchingResourcePatternResolver - Looking for matching resources in directory tree [/Users/jingening/User/jgn/软件工程/项目工程/rjgc2/target/test-classes/top/jglo/ant9]
21:14:43.175 [main] DEBUG org.springframework.core.io.support.PathMatchingResourcePatternResolver - Searching directory [/Users/jingening/User/jgn/软件工程/项目工程/rjgc2/target/test-classes/top/jglo/ant9] for files matching pattern [/Users/jingening/User/jgn/软件工程/项目工程/rjgc2/target/test-classes/top/jglo/ant9/*.class]
21:14:43.178 [main] DEBUG org.springframework.core.io.support.PathMatchingResourcePatternResolver - Resolved location pattern [classpath*:top/jglo/ant9/*.class] to resources [file [/Users/jingening/User/jgn/软件工程/项目工程/rjgc2/target/test-classes/top/jglo/ant9/JgnAnt9ApplicationTests.class]]
21:14:43.194 [main] DEBUG org.springframework.core.io.support.PathMatchingResourcePatternResolver - Resolved classpath location [top/jglo/] to resources [URL [file:/Users/jingening/User/jgn/%e8%bd%af%e4%bb%b6%e5%b7%a5%e7%a8%8b/%e9%a1%b9%e7%9b%ae%e5%b7%a5%e7%a8%8b/rjgc2/target/test-classes/top/jglo/], URL [file:/Users/jingening/User/jgn/%e8%bd%af%e4%bb%b6%e5%b7%a5%e7%a8%8b/%e9%a1%b9%e7%9b%ae%e5%b7%a5%e7%a8%8b/rjgc2/target/classes/top/jglo/]]
21:14:43.194 [main] DEBUG org.springframework.core.io.support.PathMatchingResourcePatternResolver - Looking for matching resources in directory tree [/Users/jingening/User/jgn/软件工程/项目工程/rjgc2/target/test-classes/top/jglo]
21:14:43.194 [main] DEBUG org.springframework.core.io.support.PathMatchingResourcePatternResolver - Searching directory [/Users/jingening/User/jgn/软件工程/项目工程/rjgc2/target/test-classes/top/jglo] for files matching pattern [/Users/jingening/User/jgn/软件工程/项目工程/rjgc2/target/test-classes/top/jglo/*.class]
21:14:43.194 [main] DEBUG org.springframework.core.io.support.PathMatchingResourcePatternResolver - Looking for matching resources in directory tree [/Users/jingening/User/jgn/软件工程/项目工程/rjgc2/target/classes/top/jglo]
21:14:43.194 [main] DEBUG org.springframework.core.io.support.PathMatchingResourcePatternResolver - Searching directory [/Users/jingening/User/jgn/软件工程/项目工程/rjgc2/target/classes/top/jglo] for files matching pattern [/Users/jingening/User/jgn/软件工程/项目工程/rjgc2/target/classes/top/jglo/*.class]
21:14:43.195 [main] DEBUG org.springframework.core.io.support.PathMatchingResourcePatternResolver - Resolved location pattern [classpath*:top/jglo/*.class] to resources []
21:14:43.195 [main] DEBUG org.springframework.core.io.support.PathMatchingResourcePatternResolver - Resolved classpath location [top/] to resources [URL [file:/Users/jingening/User/jgn/%e8%bd%af%e4%bb%b6%e5%b7%a5%e7%a8%8b/%e9%a1%b9%e7%9b%ae%e5%b7%a5%e7%a8%8b/rjgc2/target/test-classes/top/], URL [file:/Users/jingening/User/jgn/%e8%bd%af%e4%bb%b6%e5%b7%a5%e7%a8%8b/%e9%a1%b9%e7%9b%ae%e5%b7%a5%e7%a8%8b/rjgc2/target/classes/top/]]
21:14:43.195 [main] DEBUG org.springframework.core.io.support.PathMatchingResourcePatternResolver - Looking for matching resources in directory tree [/Users/jingening/User/jgn/软件工程/项目工程/rjgc2/target/test-classes/top]
21:14:43.195 [main] DEBUG org.springframework.core.io.support.PathMatchingResourcePatternResolver - Searching directory [/Users/jingening/User/jgn/软件工程/项目工程/rjgc2/target/test-classes/top] for files matching pattern [/Users/jingening/User/jgn/软件工程/项目工程/rjgc2/target/test-classes/top/*.class]
21:14:43.196 [main] DEBUG org.springframework.core.io.support.PathMatchingResourcePatternResolver - Looking for matching resources in directory tree [/Users/jingening/User/jgn/软件工程/项目工程/rjgc2/target/classes/top]
21:14:43.196 [main] DEBUG org.springframework.core.io.support.PathMatchingResourcePatternResolver - Searching directory [/Users/jingening/User/jgn/软件工程/项目工程/rjgc2/target/classes/top] for files matching pattern [/Users/jingening/User/jgn/软件工程/项目工程/rjgc2/target/classes/top/*.class]
21:14:43.196 [main] DEBUG org.springframework.core.io.support.PathMatchingResourcePatternResolver - Resolved location pattern [classpath*:top/*.class] to resources []
21:14:43.200 [main] DEBUG org.springframework.test.context.junit4.SpringJUnit4ClassRunner - SpringJUnit4ClassRunner constructor called with [class top.jglo.ant9.JgnAnt9ApplicationTests]
21:14:43.200 [main] DEBUG org.springframework.test.context.BootstrapUtils - Instantiating CacheAwareContextLoaderDelegate from class [org.springframework.test.context.cache.DefaultCacheAwareContextLoaderDelegate]
21:14:43.200 [main] DEBUG org.springframework.test.context.BootstrapUtils - Instantiating BootstrapContext using constructor [public org.springframework.test.context.support.DefaultBootstrapContext(java.lang.Class,org.springframework.test.context.CacheAwareContextLoaderDelegate)]
21:14:43.200 [main] DEBUG org.springframework.test.context.BootstrapUtils - Instantiating TestContextBootstrapper for test class [top.jglo.ant9.JgnAnt9ApplicationTests] from class [org.springframework.boot.test.context.SpringBootTestContextBootstrapper]
21:14:43.201 [main] INFO org.springframework.boot.test.context.SpringBootTestContextBootstrapper - Neither @ContextConfiguration nor @ContextHierarchy found for test class [top.jglo.ant9.JgnAnt9ApplicationTests], using SpringBootContextLoader
21:14:43.201 [main] DEBUG org.springframework.test.context.support.AbstractContextLoader - Did not detect default resource location for test class [top.jglo.ant9.JgnAnt9ApplicationTests]: class path resource [top/jglo/ant9/JgnAnt9ApplicationTests-context.xml] does not exist
21:14:43.202 [main] DEBUG org.springframework.test.context.support.AbstractContextLoader - Did not detect default resource location for test class [top.jglo.ant9.JgnAnt9ApplicationTests]: class path resource [top/jglo/ant9/JgnAnt9ApplicationTestsContext.groovy] does not exist
21:14:43.202 [main] INFO org.springframework.test.context.support.AbstractContextLoader - Could not detect default resource locations for test class [top.jglo.ant9.JgnAnt9ApplicationTests]: no resource found for suffixes {-context.xml, Context.groovy}.
21:14:43.202 [main] INFO org.springframework.test.context.support.AnnotationConfigContextLoaderUtils - Could not detect default configuration classes for test class [top.jglo.ant9.JgnAnt9ApplicationTests]: JgnAnt9ApplicationTests does not declare any static, non-private, non-final, nested classes annotated with @Configuration.
21:14:43.207 [main] DEBUG org.springframework.test.context.support.ActiveProfilesUtils - Could not find an 'annotation declaring class' for annotation type [org.springframework.test.context.ActiveProfiles] and class [top.jglo.ant9.JgnAnt9ApplicationTests]
21:14:43.207 [main] DEBUG org.springframework.core.env.StandardEnvironment - Adding [systemProperties] PropertySource with lowest search precedence
21:14:43.207 [main] DEBUG org.springframework.core.env.StandardEnvironment - Adding [systemEnvironment] PropertySource with lowest search precedence
21:14:43.207 [main] DEBUG org.springframework.core.env.StandardEnvironment - Initialized StandardEnvironment with PropertySources [systemProperties,systemEnvironment]
21:14:43.207 [main] DEBUG org.springframework.core.io.support.PathMatchingResourcePatternResolver - Resolved classpath location [top/jglo/ant9/] to resources [URL [file:/Users/jingening/User/jgn/%e8%bd%af%e4%bb%b6%e5%b7%a5%e7%a8%8b/%e9%a1%b9%e7%9b%ae%e5%b7%a5%e7%a8%8b/rjgc2/target/test-classes/top/jglo/ant9/]]
21:14:43.208 [main] DEBUG org.springframework.core.io.support.PathMatchingResourcePatternResolver - Looking for matching resources in directory tree [/Users/jingening/User/jgn/软件工程/项目工程/rjgc2/target/test-classes/top/jglo/ant9]
21:14:43.208 [main] DEBUG org.springframework.core.io.support.PathMatchingResourcePatternResolver - Searching directory [/Users/jingening/User/jgn/软件工程/项目工程/rjgc2/target/test-classes/top/jglo/ant9] for files matching pattern [/Users/jingening/User/jgn/软件工程/项目工程/rjgc2/target/test-classes/top/jglo/ant9/*.class]
21:14:43.209 [main] DEBUG org.springframework.core.io.support.PathMatchingResourcePatternResolver - Resolved location pattern [classpath*:top/jglo/ant9/*.class] to resources [file [/Users/jingening/User/jgn/软件工程/项目工程/rjgc2/target/test-classes/top/jglo/ant9/JgnAnt9ApplicationTests.class]]
21:14:43.210 [main] DEBUG org.springframework.core.io.support.PathMatchingResourcePatternResolver - Resolved classpath location [top/jglo/] to resources [URL [file:/Users/jingening/User/jgn/%e8%bd%af%e4%bb%b6%e5%b7%a5%e7%a8%8b/%e9%a1%b9%e7%9b%ae%e5%b7%a5%e7%a8%8b/rjgc2/target/test-classes/top/jglo/], URL [file:/Users/jingening/User/jgn/%e8%bd%af%e4%bb%b6%e5%b7%a5%e7%a8%8b/%e9%a1%b9%e7%9b%ae%e5%b7%a5%e7%a8%8b/rjgc2/target/classes/top/jglo/]]
21:14:43.210 [main] DEBUG org.springframework.core.io.support.PathMatchingResourcePatternResolver - Looking for matching resources in directory tree [/Users/jingening/User/jgn/软件工程/项目工程/rjgc2/target/test-classes/top/jglo]
21:14:43.210 [main] DEBUG org.springframework.core.io.support.PathMatchingResourcePatternResolver - Searching directory [/Users/jingening/User/jgn/软件工程/项目工程/rjgc2/target/test-classes/top/jglo] for files matching pattern [/Users/jingening/User/jgn/软件工程/项目工程/rjgc2/target/test-classes/top/jglo/*.class]
21:14:43.211 [main] DEBUG org.springframework.core.io.support.PathMatchingResourcePatternResolver - Looking for matching resources in directory tree [/Users/jingening/User/jgn/软件工程/项目工程/rjgc2/target/classes/top/jglo]
21:14:43.211 [main] DEBUG org.springframework.core.io.support.PathMatchingResourcePatternResolver - Searching directory [/Users/jingening/User/jgn/软件工程/项目工程/rjgc2/target/classes/top/jglo] for files matching pattern [/Users/jingening/User/jgn/软件工程/项目工程/rjgc2/target/classes/top/jglo/*.class]
21:14:43.211 [main] DEBUG org.springframework.core.io.support.PathMatchingResourcePatternResolver - Resolved location pattern [classpath*:top/jglo/*.class] to resources []
21:14:43.212 [main] DEBUG org.springframework.core.io.support.PathMatchingResourcePatternResolver - Resolved classpath location [top/] to resources [URL [file:/Users/jingening/User/jgn/%e8%bd%af%e4%bb%b6%e5%b7%a5%e7%a8%8b/%e9%a1%b9%e7%9b%ae%e5%b7%a5%e7%a8%8b/rjgc2/target/test-classes/top/], URL [file:/Users/jingening/User/jgn/%e8%bd%af%e4%bb%b6%e5%b7%a5%e7%a8%8b/%e9%a1%b9%e7%9b%ae%e5%b7%a5%e7%a8%8b/rjgc2/target/classes/top/]]
21:14:43.212 [main] DEBUG org.springframework.core.io.support.PathMatchingResourcePatternResolver - Looking for matching resources in directory tree [/Users/jingening/User/jgn/软件工程/项目工程/rjgc2/target/test-classes/top]
21:14:43.212 [main] DEBUG org.springframework.core.io.support.PathMatchingResourcePatternResolver - Searching directory [/Users/jingening/User/jgn/软件工程/项目工程/rjgc2/target/test-classes/top] for files matching pattern [/Users/jingening/User/jgn/软件工程/项目工程/rjgc2/target/test-classes/top/*.class]
21:14:43.213 [main] DEBUG org.springframework.core.io.support.PathMatchingResourcePatternResolver - Looking for matching resources in directory tree [/Users/jingening/User/jgn/软件工程/项目工程/rjgc2/target/classes/top]
21:14:43.213 [main] DEBUG org.springframework.core.io.support.PathMatchingResourcePatternResolver - Searching directory [/Users/jingening/User/jgn/软件工程/项目工程/rjgc2/target/classes/top] for files matching pattern [/Users/jingening/User/jgn/软件工程/项目工程/rjgc2/target/classes/top/*.class]
21:14:43.213 [main] DEBUG org.springframework.core.io.support.PathMatchingResourcePatternResolver - Resolved location pattern [classpath*:top/*.class] to resources []
]]></system-out>
  </testcase>
</testsuite>